<?xml version="1.0" encoding="UTF-8"?>
<!-- Generated by org.testng.reporters.JUnitReportReporter -->
<testsuite skipped="0" hostname="Prav_Admin_003" name="com.code.Pratice.selenium.home.TC_001" tests="3" failures="0" timestamp="30 Jun 2018 06:49:17 GMT" time="0.020" errors="0">
  <testcase name="login" time="0.000" classname="com.code.Pratice.selenium.home.TC_001"/>
  <testcase name="end" time="0.010" classname="com.code.Pratice.selenium.home.TC_001"/>
  <testcase name="test" time="0.010" classname="com.code.Pratice.selenium.home.TC_001"/>
</testsuite> <!-- com.code.Pratice.selenium.home.TC_001 -->
